<?xml version="1.0" encoding="UTF-8"?>
<coverage generated="1644427069712" clover="3.2.0">
  <project timestamp="1644427069713" name="All files">
    <metrics statements="65" coveredstatements="65" conditionals="24" coveredconditionals="24" methods="10" coveredmethods="10" elements="99" coveredelements="99" complexity="0" loc="65" ncloc="65" packages="1" files="3" classes="3"/>
    <file name="App.js" path="/Users/zachgrande/Code/INFO443/project-1-ZachGrande/src/App.js">
      <metrics statements="3" coveredstatements="3" conditionals="0" coveredconditionals="0" methods="1" coveredmethods="1"/>
      <line num="18" count="14" type="stmt"/>
      <line num="28" count="14" type="stmt"/>
      <line num="30" count="14" type="stmt"/>
    </file>
    <file name="QuizContent.js" path="/Users/zachgrande/Code/INFO443/project-1-ZachGrande/src/QuizContent.js">
      <metrics statements="50" coveredstatements="50" conditionals="20" coveredconditionals="20" methods="5" coveredmethods="5"/>
      <line num="14" count="11" type="stmt"/>
      <line num="15" count="11" type="stmt"/>
      <line num="17" count="11" type="stmt"/>
      <line num="19" count="11" type="stmt"/>
      <line num="21" count="11" type="stmt"/>
      <line num="24" count="2" type="stmt"/>
      <line num="25" count="2" type="stmt"/>
      <line num="28" count="11" type="stmt"/>
      <line num="37" count="2" type="stmt"/>
      <line num="38" count="2" type="stmt"/>
      <line num="39" count="2" type="stmt"/>
      <line num="40" count="2" type="stmt"/>
      <line num="41" count="2" type="stmt"/>
      <line num="42" count="2" type="stmt"/>
      <line num="44" count="2" type="stmt"/>
      <line num="45" count="14" type="cond" truecount="2" falsecount="0"/>
      <line num="46" count="3" type="stmt"/>
      <line num="47" count="11" type="cond" truecount="2" falsecount="0"/>
      <line num="48" count="1" type="stmt"/>
      <line num="49" count="10" type="cond" truecount="2" falsecount="0"/>
      <line num="50" count="4" type="stmt"/>
      <line num="51" count="6" type="cond" truecount="2" falsecount="0"/>
      <line num="52" count="4" type="stmt"/>
      <line num="53" count="2" type="cond" truecount="2" falsecount="0"/>
      <line num="54" count="1" type="stmt"/>
      <line num="56" count="1" type="stmt"/>
      <line num="60" count="2" type="stmt"/>
      <line num="61" count="2" type="stmt"/>
      <line num="62" count="12" type="cond" truecount="2" falsecount="0"/>
      <line num="63" count="2" type="stmt"/>
      <line num="64" count="2" type="stmt"/>
      <line num="65" count="10" type="cond" truecount="2" falsecount="0"/>
      <line num="66" count="2" type="stmt"/>
      <line num="67" count="2" type="stmt"/>
      <line num="68" count="8" type="cond" truecount="2" falsecount="0"/>
      <line num="69" count="2" type="stmt"/>
      <line num="70" count="2" type="stmt"/>
      <line num="71" count="6" type="cond" truecount="2" falsecount="0"/>
      <line num="72" count="2" type="stmt"/>
      <line num="73" count="2" type="stmt"/>
      <line num="74" count="4" type="cond" truecount="2" falsecount="0"/>
      <line num="75" count="2" type="stmt"/>
      <line num="76" count="2" type="stmt"/>
      <line num="78" count="2" type="stmt"/>
      <line num="79" count="2" type="stmt"/>
      <line num="81" count="12" type="stmt"/>
      <line num="84" count="2" type="stmt"/>
      <line num="88" count="2" type="stmt"/>
      <line num="95" count="2" type="stmt"/>
      <line num="97" count="2" type="stmt"/>
    </file>
    <file name="QuizPage.js" path="/Users/zachgrande/Code/INFO443/project-1-ZachGrande/src/QuizPage.js">
      <metrics statements="12" coveredstatements="12" conditionals="4" coveredconditionals="4" methods="4" coveredmethods="4"/>
      <line num="11" count="13" type="stmt"/>
      <line num="12" count="13" type="stmt"/>
      <line num="13" count="13" type="stmt"/>
      <line num="17" count="13" type="stmt"/>
      <line num="18" count="68" type="cond" truecount="2" falsecount="0"/>
      <line num="19" count="2" type="stmt"/>
      <line num="22" count="11" type="stmt"/>
      <line num="27" count="1" type="stmt"/>
      <line num="34" count="13" type="cond" truecount="2" falsecount="0"/>
      <line num="35" count="2" type="stmt"/>
      <line num="47" count="11" type="stmt"/>
      <line num="54" count="13" type="stmt"/>
    </file>
  </project>
</coverage>
