{"/Users/zachgrande/Code/INFO443/project-1-ZachGrande/src/App.js": {"path":"/Users/zachgrande/Code/INFO443/project-1-ZachGrande/src/App.js","statementMap":{"0":{"start":{"line":18,"column":23},"end":{"line":23,"column":52}},"1":{"start":{"line":28,"column":32},"end":{"line":28,"column":54}},"2":{"start":{"line":30,"column":2},"end":{"line":52,"column":4}}},"fnMap":{"0":{"name":"App","decl":{"start":{"line":16,"column":9},"end":{"line":16,"column":12}},"loc":{"start":{"line":16,"column":15},"end":{"line":53,"column":1}},"line":16}},"branchMap":{},"s":{"0":14,"1":14,"2":14},"f":{"0":14},"b":{},"_coverageSchema":"1a1c01bbd47fc00a2c39e90264f33305004495a9","hash":"af0e712164750aa53a55119190c2ad47532c3b1e"}
,"/Users/zachgrande/Code/INFO443/project-1-ZachGrande/src/QuizContent.js": {"path":"/Users/zachgrande/Code/INFO443/project-1-ZachGrande/src/QuizContent.js","statementMap":{"0":{"start":{"line":14,"column":18},"end":{"line":14,"column":31}},"1":{"start":{"line":15,"column":21},"end":{"line":15,"column":37}},"2":{"start":{"line":17,"column":2},"end":{"line":17,"column":43}},"3":{"start":{"line":19,"column":15},"end":{"line":19,"column":43}},"4":{"start":{"line":21,"column":2},"end":{"line":26,"column":6}},"5":{"start":{"line":24,"column":23},"end":{"line":24,"column":34}},"6":{"start":{"line":25,"column":6},"end":{"line":25,"column":69}},"7":{"start":{"line":28,"column":2},"end":{"line":32,"column":3}},"8":{"start":{"line":37,"column":22},"end":{"line":37,"column":23}},"9":{"start":{"line":38,"column":16},"end":{"line":38,"column":17}},"10":{"start":{"line":39,"column":19},"end":{"line":39,"column":20}},"11":{"start":{"line":40,"column":15},"end":{"line":40,"column":16}},"12":{"start":{"line":41,"column":15},"end":{"line":41,"column":16}},"13":{"start":{"line":42,"column":13},"end":{"line":42,"column":14}},"14":{"start":{"line":44,"column":2},"end":{"line":58,"column":3}},"15":{"start":{"line":45,"column":4},"end":{"line":57,"column":5}},"16":{"start":{"line":46,"column":6},"end":{"line":46,"column":27}},"17":{"start":{"line":47,"column":11},"end":{"line":57,"column":5}},"18":{"start":{"line":48,"column":6},"end":{"line":48,"column":21}},"19":{"start":{"line":49,"column":11},"end":{"line":57,"column":5}},"20":{"start":{"line":50,"column":6},"end":{"line":50,"column":24}},"21":{"start":{"line":51,"column":11},"end":{"line":57,"column":5}},"22":{"start":{"line":52,"column":6},"end":{"line":52,"column":20}},"23":{"start":{"line":53,"column":11},"end":{"line":57,"column":5}},"24":{"start":{"line":54,"column":6},"end":{"line":54,"column":20}},"25":{"start":{"line":56,"column":6},"end":{"line":56,"column":18}},"26":{"start":{"line":60,"column":26},"end":{"line":86,"column":3}},"27":{"start":{"line":61,"column":24},"end":{"line":82,"column":6}},"28":{"start":{"line":62,"column":6},"end":{"line":80,"column":7}},"29":{"start":{"line":63,"column":8},"end":{"line":63,"column":31}},"30":{"start":{"line":64,"column":8},"end":{"line":64,"column":36}},"31":{"start":{"line":65,"column":13},"end":{"line":80,"column":7}},"32":{"start":{"line":66,"column":8},"end":{"line":66,"column":25}},"33":{"start":{"line":67,"column":8},"end":{"line":67,"column":30}},"34":{"start":{"line":68,"column":13},"end":{"line":80,"column":7}},"35":{"start":{"line":69,"column":8},"end":{"line":69,"column":28}},"36":{"start":{"line":70,"column":8},"end":{"line":70,"column":33}},"37":{"start":{"line":71,"column":13},"end":{"line":80,"column":7}},"38":{"start":{"line":72,"column":8},"end":{"line":72,"column":24}},"39":{"start":{"line":73,"column":8},"end":{"line":73,"column":29}},"40":{"start":{"line":74,"column":13},"end":{"line":80,"column":7}},"41":{"start":{"line":75,"column":8},"end":{"line":75,"column":24}},"42":{"start":{"line":76,"column":8},"end":{"line":76,"column":29}},"43":{"start":{"line":78,"column":8},"end":{"line":78,"column":22}},"44":{"start":{"line":79,"column":8},"end":{"line":79,"column":26}},"45":{"start":{"line":81,"column":6},"end":{"line":81,"column":18}},"46":{"start":{"line":84,"column":4},"end":{"line":84,"column":28}},"47":{"start":{"line":88,"column":23},"end":{"line":93,"column":69}},"48":{"start":{"line":95,"column":2},"end":{"line":95,"column":18}},"49":{"start":{"line":97,"column":2},"end":{"line":97,"column":24}}},"fnMap":{"0":{"name":"QuizContent","decl":{"start":{"line":12,"column":9},"end":{"line":12,"column":20}},"loc":{"start":{"line":12,"column":28},"end":{"line":33,"column":1}},"line":12},"1":{"name":"(anonymous_1)","decl":{"start":{"line":23,"column":9},"end":{"line":23,"column":10}},"loc":{"start":{"line":23,"column":27},"end":{"line":26,"column":5}},"line":23},"2":{"name":"updateStateWithNewQuizResults","decl":{"start":{"line":35,"column":9},"end":{"line":35,"column":38}},"loc":{"start":{"line":35,"column":68},"end":{"line":98,"column":1}},"line":35},"3":{"name":"(anonymous_3)","decl":{"start":{"line":60,"column":26},"end":{"line":60,"column":27}},"loc":{"start":{"line":60,"column":32},"end":{"line":86,"column":3}},"line":60},"4":{"name":"(anonymous_4)","decl":{"start":{"line":61,"column":36},"end":{"line":61,"column":37}},"loc":{"start":{"line":61,"column":46},"end":{"line":82,"column":5}},"line":61}},"branchMap":{"0":{"loc":{"start":{"line":45,"column":4},"end":{"line":57,"column":5}},"type":"if","locations":[{"start":{"line":45,"column":4},"end":{"line":57,"column":5}},{"start":{"line":47,"column":11},"end":{"line":57,"column":5}}],"line":45},"1":{"loc":{"start":{"line":47,"column":11},"end":{"line":57,"column":5}},"type":"if","locations":[{"start":{"line":47,"column":11},"end":{"line":57,"column":5}},{"start":{"line":49,"column":11},"end":{"line":57,"column":5}}],"line":47},"2":{"loc":{"start":{"line":49,"column":11},"end":{"line":57,"column":5}},"type":"if","locations":[{"start":{"line":49,"column":11},"end":{"line":57,"column":5}},{"start":{"line":51,"column":11},"end":{"line":57,"column":5}}],"line":49},"3":{"loc":{"start":{"line":51,"column":11},"end":{"line":57,"column":5}},"type":"if","locations":[{"start":{"line":51,"column":11},"end":{"line":57,"column":5}},{"start":{"line":53,"column":11},"end":{"line":57,"column":5}}],"line":51},"4":{"loc":{"start":{"line":53,"column":11},"end":{"line":57,"column":5}},"type":"if","locations":[{"start":{"line":53,"column":11},"end":{"line":57,"column":5}},{"start":{"line":55,"column":11},"end":{"line":57,"column":5}}],"line":53},"5":{"loc":{"start":{"line":62,"column":6},"end":{"line":80,"column":7}},"type":"if","locations":[{"start":{"line":62,"column":6},"end":{"line":80,"column":7}},{"start":{"line":65,"column":13},"end":{"line":80,"column":7}}],"line":62},"6":{"loc":{"start":{"line":65,"column":13},"end":{"line":80,"column":7}},"type":"if","locations":[{"start":{"line":65,"column":13},"end":{"line":80,"column":7}},{"start":{"line":68,"column":13},"end":{"line":80,"column":7}}],"line":65},"7":{"loc":{"start":{"line":68,"column":13},"end":{"line":80,"column":7}},"type":"if","locations":[{"start":{"line":68,"column":13},"end":{"line":80,"column":7}},{"start":{"line":71,"column":13},"end":{"line":80,"column":7}}],"line":68},"8":{"loc":{"start":{"line":71,"column":13},"end":{"line":80,"column":7}},"type":"if","locations":[{"start":{"line":71,"column":13},"end":{"line":80,"column":7}},{"start":{"line":74,"column":13},"end":{"line":80,"column":7}}],"line":71},"9":{"loc":{"start":{"line":74,"column":13},"end":{"line":80,"column":7}},"type":"if","locations":[{"start":{"line":74,"column":13},"end":{"line":80,"column":7}},{"start":{"line":77,"column":13},"end":{"line":80,"column":7}}],"line":74}},"s":{"0":11,"1":11,"2":11,"3":11,"4":11,"5":2,"6":2,"7":11,"8":2,"9":2,"10":2,"11":2,"12":2,"13":2,"14":2,"15":14,"16":3,"17":11,"18":1,"19":10,"20":4,"21":6,"22":4,"23":2,"24":1,"25":1,"26":2,"27":2,"28":12,"29":2,"30":2,"31":10,"32":2,"33":2,"34":8,"35":2,"36":2,"37":6,"38":2,"39":2,"40":4,"41":2,"42":2,"43":2,"44":2,"45":12,"46":2,"47":2,"48":2,"49":2},"f":{"0":11,"1":2,"2":2,"3":2,"4":12},"b":{"0":[3,11],"1":[1,10],"2":[4,6],"3":[4,2],"4":[1,1],"5":[2,10],"6":[2,8],"7":[2,6],"8":[2,4],"9":[2,2]},"_coverageSchema":"1a1c01bbd47fc00a2c39e90264f33305004495a9","hash":"988561e8771e65a67ae3f20b5f8a55a27228f1f4"}
,"/Users/zachgrande/Code/INFO443/project-1-ZachGrande/src/QuizPage.js": {"path":"/Users/zachgrande/Code/INFO443/project-1-ZachGrande/src/QuizPage.js","statementMap":{"0":{"start":{"line":11,"column":16},"end":{"line":11,"column":29}},"1":{"start":{"line":12,"column":19},"end":{"line":12,"column":35}},"2":{"start":{"line":13,"column":19},"end":{"line":13,"column":37}},"3":{"start":{"line":17,"column":4},"end":{"line":21,"column":5}},"4":{"start":{"line":17,"column":17},"end":{"line":17,"column":18}},"5":{"start":{"line":18,"column":6},"end":{"line":20,"column":7}},"6":{"start":{"line":19,"column":8},"end":{"line":19,"column":20}},"7":{"start":{"line":22,"column":4},"end":{"line":22,"column":17}},"8":{"start":{"line":27,"column":4},"end":{"line":27,"column":27}},"9":{"start":{"line":34,"column":4},"end":{"line":50,"column":5}},"10":{"start":{"line":35,"column":6},"end":{"line":45,"column":10}},"11":{"start":{"line":47,"column":6},"end":{"line":49,"column":8}},"12":{"start":{"line":54,"column":2},"end":{"line":64,"column":3}}},"fnMap":{"0":{"name":"QuizPage","decl":{"start":{"line":8,"column":9},"end":{"line":8,"column":17}},"loc":{"start":{"line":8,"column":25},"end":{"line":65,"column":1}},"line":8},"1":{"name":"hasTakenQuiz","decl":{"start":{"line":16,"column":11},"end":{"line":16,"column":23}},"loc":{"start":{"line":16,"column":26},"end":{"line":23,"column":3}},"line":16},"2":{"name":"resetResults","decl":{"start":{"line":26,"column":11},"end":{"line":26,"column":23}},"loc":{"start":{"line":26,"column":26},"end":{"line":28,"column":3}},"line":26},"3":{"name":"contentToRender","decl":{"start":{"line":33,"column":11},"end":{"line":33,"column":26}},"loc":{"start":{"line":33,"column":29},"end":{"line":51,"column":3}},"line":33}},"branchMap":{"0":{"loc":{"start":{"line":18,"column":6},"end":{"line":20,"column":7}},"type":"if","locations":[{"start":{"line":18,"column":6},"end":{"line":20,"column":7}},{"start":{},"end":{}}],"line":18},"1":{"loc":{"start":{"line":34,"column":4},"end":{"line":50,"column":5}},"type":"if","locations":[{"start":{"line":34,"column":4},"end":{"line":50,"column":5}},{"start":{"line":46,"column":11},"end":{"line":50,"column":5}}],"line":34}},"s":{"0":13,"1":13,"2":13,"3":13,"4":13,"5":68,"6":2,"7":11,"8":1,"9":13,"10":2,"11":11,"12":13},"f":{"0":13,"1":13,"2":1,"3":13},"b":{"0":[2,66],"1":[2,11]},"_coverageSchema":"1a1c01bbd47fc00a2c39e90264f33305004495a9","hash":"7333762f7cb31b15c476a8440115bb38ebeda7db"}
}
