{"/Users/zachgrande/Code/INFO443/project-1-ZachGrande/src/App.js": {"path":"/Users/zachgrande/Code/INFO443/project-1-ZachGrande/src/App.js","statementMap":{"0":{"start":{"line":18,"column":23},"end":{"line":23,"column":52}},"1":{"start":{"line":28,"column":32},"end":{"line":28,"column":54}},"2":{"start":{"line":30,"column":2},"end":{"line":52,"column":4}}},"fnMap":{"0":{"name":"App","decl":{"start":{"line":16,"column":9},"end":{"line":16,"column":12}},"loc":{"start":{"line":16,"column":15},"end":{"line":53,"column":1}},"line":16}},"branchMap":{},"s":{"0":14,"1":14,"2":14},"f":{"0":14},"b":{},"_coverageSchema":"1a1c01bbd47fc00a2c39e90264f33305004495a9","hash":"af0e712164750aa53a55119190c2ad47532c3b1e"}
,"/Users/zachgrande/Code/INFO443/project-1-ZachGrande/src/QuizContent.js": {"path":"/Users/zachgrande/Code/INFO443/project-1-ZachGrande/src/QuizContent.js","statementMap":{"0":{"start":{"line":9,"column":18},"end":{"line":9,"column":31}},"1":{"start":{"line":10,"column":21},"end":{"line":10,"column":37}},"2":{"start":{"line":13,"column":2},"end":{"line":13,"column":43}},"3":{"start":{"line":16,"column":15},"end":{"line":16,"column":43}},"4":{"start":{"line":21,"column":12},"end":{"line":21,"column":13}},"5":{"start":{"line":22,"column":12},"end":{"line":22,"column":13}},"6":{"start":{"line":23,"column":13},"end":{"line":23,"column":14}},"7":{"start":{"line":24,"column":12},"end":{"line":24,"column":13}},"8":{"start":{"line":25,"column":12},"end":{"line":25,"column":13}},"9":{"start":{"line":26,"column":12},"end":{"line":26,"column":13}},"10":{"start":{"line":28,"column":4},"end":{"line":42,"column":5}},"11":{"start":{"line":29,"column":6},"end":{"line":41,"column":7}},"12":{"start":{"line":30,"column":8},"end":{"line":30,"column":17}},"13":{"start":{"line":31,"column":13},"end":{"line":41,"column":7}},"14":{"start":{"line":32,"column":8},"end":{"line":32,"column":17}},"15":{"start":{"line":33,"column":13},"end":{"line":41,"column":7}},"16":{"start":{"line":34,"column":8},"end":{"line":34,"column":18}},"17":{"start":{"line":35,"column":13},"end":{"line":41,"column":7}},"18":{"start":{"line":36,"column":8},"end":{"line":36,"column":17}},"19":{"start":{"line":37,"column":13},"end":{"line":41,"column":7}},"20":{"start":{"line":38,"column":8},"end":{"line":38,"column":17}},"21":{"start":{"line":40,"column":8},"end":{"line":40,"column":17}},"22":{"start":{"line":45,"column":26},"end":{"line":75,"column":5}},"23":{"start":{"line":49,"column":26},"end":{"line":71,"column":8}},"24":{"start":{"line":51,"column":8},"end":{"line":69,"column":9}},"25":{"start":{"line":52,"column":10},"end":{"line":52,"column":21}},"26":{"start":{"line":53,"column":10},"end":{"line":53,"column":38}},"27":{"start":{"line":54,"column":15},"end":{"line":69,"column":9}},"28":{"start":{"line":55,"column":10},"end":{"line":55,"column":21}},"29":{"start":{"line":56,"column":10},"end":{"line":56,"column":32}},"30":{"start":{"line":57,"column":15},"end":{"line":69,"column":9}},"31":{"start":{"line":58,"column":10},"end":{"line":58,"column":22}},"32":{"start":{"line":59,"column":10},"end":{"line":59,"column":35}},"33":{"start":{"line":60,"column":15},"end":{"line":69,"column":9}},"34":{"start":{"line":61,"column":10},"end":{"line":61,"column":21}},"35":{"start":{"line":62,"column":10},"end":{"line":62,"column":31}},"36":{"start":{"line":63,"column":15},"end":{"line":69,"column":9}},"37":{"start":{"line":64,"column":10},"end":{"line":64,"column":21}},"38":{"start":{"line":65,"column":10},"end":{"line":65,"column":31}},"39":{"start":{"line":67,"column":10},"end":{"line":67,"column":21}},"40":{"start":{"line":68,"column":10},"end":{"line":68,"column":28}},"41":{"start":{"line":70,"column":8},"end":{"line":70,"column":20}},"42":{"start":{"line":73,"column":6},"end":{"line":73,"column":30}},"43":{"start":{"line":77,"column":25},"end":{"line":82,"column":68}},"44":{"start":{"line":84,"column":4},"end":{"line":84,"column":20}},"45":{"start":{"line":86,"column":4},"end":{"line":86,"column":26}},"46":{"start":{"line":90,"column":2},"end":{"line":97,"column":6}},"47":{"start":{"line":93,"column":23},"end":{"line":93,"column":34}},"48":{"start":{"line":94,"column":6},"end":{"line":94,"column":34}},"49":{"start":{"line":95,"column":24},"end":{"line":95,"column":59}},"50":{"start":{"line":96,"column":6},"end":{"line":96,"column":31}},"51":{"start":{"line":99,"column":2},"end":{"line":103,"column":3}}},"fnMap":{"0":{"name":"QuizContent","decl":{"start":{"line":6,"column":9},"end":{"line":6,"column":20}},"loc":{"start":{"line":6,"column":28},"end":{"line":104,"column":1}},"line":6},"1":{"name":"convertResults","decl":{"start":{"line":19,"column":11},"end":{"line":19,"column":25}},"loc":{"start":{"line":19,"column":43},"end":{"line":87,"column":3}},"line":19},"2":{"name":"(anonymous_2)","decl":{"start":{"line":45,"column":26},"end":{"line":45,"column":27}},"loc":{"start":{"line":45,"column":37},"end":{"line":75,"column":5}},"line":45},"3":{"name":"(anonymous_3)","decl":{"start":{"line":49,"column":38},"end":{"line":49,"column":39}},"loc":{"start":{"line":49,"column":48},"end":{"line":71,"column":7}},"line":49},"4":{"name":"(anonymous_4)","decl":{"start":{"line":92,"column":9},"end":{"line":92,"column":10}},"loc":{"start":{"line":92,"column":27},"end":{"line":97,"column":5}},"line":92}},"branchMap":{"0":{"loc":{"start":{"line":29,"column":6},"end":{"line":41,"column":7}},"type":"if","locations":[{"start":{"line":29,"column":6},"end":{"line":41,"column":7}},{"start":{"line":31,"column":13},"end":{"line":41,"column":7}}],"line":29},"1":{"loc":{"start":{"line":31,"column":13},"end":{"line":41,"column":7}},"type":"if","locations":[{"start":{"line":31,"column":13},"end":{"line":41,"column":7}},{"start":{"line":33,"column":13},"end":{"line":41,"column":7}}],"line":31},"2":{"loc":{"start":{"line":33,"column":13},"end":{"line":41,"column":7}},"type":"if","locations":[{"start":{"line":33,"column":13},"end":{"line":41,"column":7}},{"start":{"line":35,"column":13},"end":{"line":41,"column":7}}],"line":33},"3":{"loc":{"start":{"line":35,"column":13},"end":{"line":41,"column":7}},"type":"if","locations":[{"start":{"line":35,"column":13},"end":{"line":41,"column":7}},{"start":{"line":37,"column":13},"end":{"line":41,"column":7}}],"line":35},"4":{"loc":{"start":{"line":37,"column":13},"end":{"line":41,"column":7}},"type":"if","locations":[{"start":{"line":37,"column":13},"end":{"line":41,"column":7}},{"start":{"line":39,"column":13},"end":{"line":41,"column":7}}],"line":37},"5":{"loc":{"start":{"line":51,"column":8},"end":{"line":69,"column":9}},"type":"if","locations":[{"start":{"line":51,"column":8},"end":{"line":69,"column":9}},{"start":{"line":54,"column":15},"end":{"line":69,"column":9}}],"line":51},"6":{"loc":{"start":{"line":54,"column":15},"end":{"line":69,"column":9}},"type":"if","locations":[{"start":{"line":54,"column":15},"end":{"line":69,"column":9}},{"start":{"line":57,"column":15},"end":{"line":69,"column":9}}],"line":54},"7":{"loc":{"start":{"line":57,"column":15},"end":{"line":69,"column":9}},"type":"if","locations":[{"start":{"line":57,"column":15},"end":{"line":69,"column":9}},{"start":{"line":60,"column":15},"end":{"line":69,"column":9}}],"line":57},"8":{"loc":{"start":{"line":60,"column":15},"end":{"line":69,"column":9}},"type":"if","locations":[{"start":{"line":60,"column":15},"end":{"line":69,"column":9}},{"start":{"line":63,"column":15},"end":{"line":69,"column":9}}],"line":60},"9":{"loc":{"start":{"line":63,"column":15},"end":{"line":69,"column":9}},"type":"if","locations":[{"start":{"line":63,"column":15},"end":{"line":69,"column":9}},{"start":{"line":66,"column":15},"end":{"line":69,"column":9}}],"line":63}},"s":{"0":11,"1":11,"2":11,"3":11,"4":2,"5":2,"6":2,"7":2,"8":2,"9":2,"10":2,"11":14,"12":3,"13":11,"14":1,"15":10,"16":4,"17":6,"18":4,"19":2,"20":1,"21":1,"22":2,"23":2,"24":12,"25":2,"26":2,"27":10,"28":2,"29":2,"30":8,"31":2,"32":2,"33":6,"34":2,"35":2,"36":4,"37":2,"38":2,"39":2,"40":2,"41":12,"42":2,"43":2,"44":2,"45":2,"46":11,"47":2,"48":2,"49":2,"50":2,"51":11},"f":{"0":11,"1":2,"2":2,"3":12,"4":2},"b":{"0":[3,11],"1":[1,10],"2":[4,6],"3":[4,2],"4":[1,1],"5":[2,10],"6":[2,8],"7":[2,6],"8":[2,4],"9":[2,2]},"_coverageSchema":"1a1c01bbd47fc00a2c39e90264f33305004495a9","hash":"356dc75f0e34ec56918d091e3d0cc1a7c4356438"}
,"/Users/zachgrande/Code/INFO443/project-1-ZachGrande/src/QuizPage.js": {"path":"/Users/zachgrande/Code/INFO443/project-1-ZachGrande/src/QuizPage.js","statementMap":{"0":{"start":{"line":11,"column":16},"end":{"line":11,"column":29}},"1":{"start":{"line":12,"column":19},"end":{"line":12,"column":35}},"2":{"start":{"line":13,"column":19},"end":{"line":13,"column":37}},"3":{"start":{"line":17,"column":4},"end":{"line":21,"column":5}},"4":{"start":{"line":17,"column":17},"end":{"line":17,"column":18}},"5":{"start":{"line":18,"column":6},"end":{"line":20,"column":7}},"6":{"start":{"line":19,"column":8},"end":{"line":19,"column":20}},"7":{"start":{"line":22,"column":4},"end":{"line":22,"column":17}},"8":{"start":{"line":27,"column":4},"end":{"line":27,"column":27}},"9":{"start":{"line":34,"column":4},"end":{"line":50,"column":5}},"10":{"start":{"line":35,"column":6},"end":{"line":45,"column":10}},"11":{"start":{"line":47,"column":6},"end":{"line":49,"column":8}},"12":{"start":{"line":54,"column":2},"end":{"line":64,"column":3}}},"fnMap":{"0":{"name":"QuizPage","decl":{"start":{"line":8,"column":9},"end":{"line":8,"column":17}},"loc":{"start":{"line":8,"column":25},"end":{"line":65,"column":1}},"line":8},"1":{"name":"hasTakenQuiz","decl":{"start":{"line":16,"column":11},"end":{"line":16,"column":23}},"loc":{"start":{"line":16,"column":26},"end":{"line":23,"column":3}},"line":16},"2":{"name":"resetResults","decl":{"start":{"line":26,"column":11},"end":{"line":26,"column":23}},"loc":{"start":{"line":26,"column":26},"end":{"line":28,"column":3}},"line":26},"3":{"name":"contentToRender","decl":{"start":{"line":33,"column":11},"end":{"line":33,"column":26}},"loc":{"start":{"line":33,"column":29},"end":{"line":51,"column":3}},"line":33}},"branchMap":{"0":{"loc":{"start":{"line":18,"column":6},"end":{"line":20,"column":7}},"type":"if","locations":[{"start":{"line":18,"column":6},"end":{"line":20,"column":7}},{"start":{},"end":{}}],"line":18},"1":{"loc":{"start":{"line":34,"column":4},"end":{"line":50,"column":5}},"type":"if","locations":[{"start":{"line":34,"column":4},"end":{"line":50,"column":5}},{"start":{"line":46,"column":11},"end":{"line":50,"column":5}}],"line":34}},"s":{"0":13,"1":13,"2":13,"3":13,"4":13,"5":68,"6":2,"7":11,"8":1,"9":13,"10":2,"11":11,"12":13},"f":{"0":13,"1":13,"2":1,"3":13},"b":{"0":[2,66],"1":[2,11]},"_coverageSchema":"1a1c01bbd47fc00a2c39e90264f33305004495a9","hash":"7333762f7cb31b15c476a8440115bb38ebeda7db"}
}
