TN:
SF:src/App.js
FN:16,App
FNF:1
FNH:1
FNDA:11,App
DA:18,11
DA:28,11
DA:30,11
LF:3
LH:3
BRF:0
BRH:0
end_of_record
TN:
SF:src/HomePage.js
FN:8,HomePage
FNF:1
FNH:1
FNDA:10,HomePage
DA:9,10
LF:1
LH:1
BRF:0
BRH:0
end_of_record
TN:
SF:src/QuizContent.js
FN:6,QuizContent
FN:19,convertResults
FN:45,(anonymous_2)
FN:49,(anonymous_3)
FN:92,(anonymous_4)
FNF:5
FNH:5
FNDA:9,QuizContent
FNDA:1,convertResults
FNDA:1,(anonymous_2)
FNDA:6,(anonymous_3)
FNDA:1,(anonymous_4)
DA:9,9
DA:10,9
DA:13,9
DA:16,9
DA:21,1
DA:22,1
DA:23,1
DA:24,1
DA:25,1
DA:26,1
DA:28,1
DA:29,7
DA:30,2
DA:31,5
DA:32,0
DA:33,5
DA:34,2
DA:35,3
DA:36,2
DA:37,1
DA:38,1
DA:40,0
DA:45,1
DA:49,1
DA:51,6
DA:52,1
DA:53,1
DA:54,5
DA:55,1
DA:56,1
DA:57,4
DA:58,1
DA:59,1
DA:60,3
DA:61,1
DA:62,1
DA:63,2
DA:64,1
DA:65,1
DA:67,1
DA:68,1
DA:70,6
DA:73,1
DA:77,1
DA:84,1
DA:86,1
DA:90,9
DA:93,1
DA:94,1
DA:95,1
DA:96,1
DA:99,9
LF:52
LH:50
BRDA:29,0,0,2
BRDA:29,0,1,5
BRDA:31,1,0,0
BRDA:31,1,1,5
BRDA:33,2,0,2
BRDA:33,2,1,3
BRDA:35,3,0,2
BRDA:35,3,1,1
BRDA:37,4,0,1
BRDA:37,4,1,0
BRDA:51,5,0,1
BRDA:51,5,1,5
BRDA:54,6,0,1
BRDA:54,6,1,4
BRDA:57,7,0,1
BRDA:57,7,1,3
BRDA:60,8,0,1
BRDA:60,8,1,2
BRDA:63,9,0,1
BRDA:63,9,1,1
BRF:20
BRH:18
end_of_record
TN:
SF:src/QuizPage.js
FN:8,QuizPage
FN:16,hasTakenQuiz
FN:26,resetResults
FN:33,contentToRender
FNF:4
FNH:3
FNDA:10,QuizPage
FNDA:10,hasTakenQuiz
FNDA:0,resetResults
FNDA:10,contentToRender
DA:11,10
DA:12,10
DA:13,10
DA:17,10
DA:18,55
DA:19,1
DA:22,9
DA:27,0
DA:34,10
DA:35,1
DA:47,9
DA:54,10
LF:12
LH:11
BRDA:18,0,0,1
BRDA:18,0,1,54
BRDA:34,1,0,1
BRDA:34,1,1,9
BRF:4
BRH:4
end_of_record
