TN:
SF:src/App.js
FN:16,App
FNF:1
FNH:1
FNDA:14,App
DA:18,14
DA:28,14
DA:30,14
LF:3
LH:3
BRF:0
BRH:0
end_of_record
TN:
SF:src/QuizContent.js
FN:12,QuizContent
FN:23,(anonymous_1)
FN:35,updateStateWithNewQuizResults
FN:60,(anonymous_3)
FN:61,(anonymous_4)
FNF:5
FNH:5
FNDA:11,QuizContent
FNDA:2,(anonymous_1)
FNDA:2,updateStateWithNewQuizResults
FNDA:2,(anonymous_3)
FNDA:12,(anonymous_4)
DA:14,11
DA:15,11
DA:17,11
DA:19,11
DA:21,11
DA:24,2
DA:25,2
DA:28,11
DA:37,2
DA:38,2
DA:39,2
DA:40,2
DA:41,2
DA:42,2
DA:44,2
DA:45,14
DA:46,3
DA:47,11
DA:48,1
DA:49,10
DA:50,4
DA:51,6
DA:52,4
DA:53,2
DA:54,1
DA:56,1
DA:60,2
DA:61,2
DA:62,12
DA:63,2
DA:64,2
DA:65,10
DA:66,2
DA:67,2
DA:68,8
DA:69,2
DA:70,2
DA:71,6
DA:72,2
DA:73,2
DA:74,4
DA:75,2
DA:76,2
DA:78,2
DA:79,2
DA:81,12
DA:84,2
DA:88,2
DA:95,2
DA:97,2
LF:50
LH:50
BRDA:45,0,0,3
BRDA:45,0,1,11
BRDA:47,1,0,1
BRDA:47,1,1,10
BRDA:49,2,0,4
BRDA:49,2,1,6
BRDA:51,3,0,4
BRDA:51,3,1,2
BRDA:53,4,0,1
BRDA:53,4,1,1
BRDA:62,5,0,2
BRDA:62,5,1,10
BRDA:65,6,0,2
BRDA:65,6,1,8
BRDA:68,7,0,2
BRDA:68,7,1,6
BRDA:71,8,0,2
BRDA:71,8,1,4
BRDA:74,9,0,2
BRDA:74,9,1,2
BRF:20
BRH:20
end_of_record
TN:
SF:src/QuizPage.js
FN:8,QuizPage
FN:16,hasTakenQuiz
FN:26,resetResults
FN:33,contentToRender
FNF:4
FNH:4
FNDA:13,QuizPage
FNDA:13,hasTakenQuiz
FNDA:1,resetResults
FNDA:13,contentToRender
DA:11,13
DA:12,13
DA:13,13
DA:17,13
DA:18,68
DA:19,2
DA:22,11
DA:27,1
DA:34,13
DA:35,2
DA:47,11
DA:54,13
LF:12
LH:12
BRDA:18,0,0,2
BRDA:18,0,1,66
BRDA:34,1,0,2
BRDA:34,1,1,11
BRF:4
BRH:4
end_of_record
